<?xml version="1.0" encoding="UTF-8"?>
<!-- Generated by org.testng.reporters.JUnitXMLReporter -->
<testsuite ignored="6" hostname="mayurlap" failures="1" tests="1" name="Test" time="31.805" errors="0" timestamp="20 Aug 2021 09:37:53 GMT">
  <testcase classname="com.test.MyProfilePageTest" name="myProfilePageTestCase3" time="22.495">
    <failure type="java.lang.AssertionError" message="expected [true] but found [false]">
      <![CDATA[java.lang.AssertionError: expected [true] but found [false]
at com.test.MyProfilePageTest.myProfilePageTestCase3(MyProfilePageTest.java:77)
... Removed 29 stack frames]]>
    </failure>
  </testcase> <!-- myProfilePageTestCase3 -->
  <testcase classname="com.test.MyProfilePageTest" name="myProfilePageTestCase6" time="0.0">
    <ignored/>
  </testcase> <!-- myProfilePageTestCase6 -->
  <testcase classname="com.test.MyProfilePageTest" name="myProfilePageTestCase5" time="0.0">
    <ignored/>
  </testcase> <!-- myProfilePageTestCase5 -->
  <testcase classname="com.test.MyProfilePageTest" name="myProfilePageTestCase4" time="0.0">
    <ignored/>
  </testcase> <!-- myProfilePageTestCase4 -->
  <testcase classname="com.test.MyProfilePageTest" name="myProfilePageTestCase2" time="0.0">
    <ignored/>
  </testcase> <!-- myProfilePageTestCase2 -->
  <testcase classname="com.test.MyProfilePageTest" name="myProfilePageTestCase1" time="0.0">
    <ignored/>
  </testcase> <!-- myProfilePageTestCase1 -->
  <testcase classname="com.test.MyProfilePageTest" name="myProfilePageTestCase7" time="0.0">
    <ignored/>
  </testcase> <!-- myProfilePageTestCase7 -->
</testsuite> <!-- Test -->
